[    0.000000] Initializing cgroup subsys cpuset
[    0.000000] Initializing cgroup subsys cpu
[    0.000000] Initializing cgroup subsys cpuacct
[    0.000000] Linux version 4.4.0-170-generic (buildd@lcy01-amd64-019) (gcc version 5.4.0 20160609 (Ubuntu 5.4.0-6ubuntu1~16.04.12) ) #199-Ubuntu SMP Thu Nov 14 01:45:04 UTC 2019 (Ubuntu 4.4.0-170.199-generic 4.4.200)
[    0.000000] Command line: BOOT_IMAGE=/boot/vmlinuz-4.4.0-170-generic root=LABEL=cloudimg-rootfs ro console=tty1 console=ttyS0
[    0.000000] KERNEL supported cpus:
[    0.000000]   Intel GenuineIntel
[    0.000000]   AMD AuthenticAMD
[    0.000000]   Centaur CentaurHauls
[    0.000000] x86/fpu: xstate_offset[2]:  576, xstate_sizes[2]:  256
[    0.000000] x86/fpu: Supporting XSAVE feature 0x01: 'x87 floating point registers'
[    0.000000] x86/fpu: Supporting XSAVE feature 0x02: 'SSE registers'
[    0.000000] x86/fpu: Supporting XSAVE feature 0x04: 'AVX registers'
[    0.000000] x86/fpu: Enabled xstate features 0x7, context size is 832 bytes, using 'standard' format.
[    0.000000] e820: BIOS-provided physical RAM map:
[    0.000000] BIOS-e820: [mem 0x0000000000000000-0x000000000009fbff] usable
[    0.000000] BIOS-e820: [mem 0x000000000009fc00-0x000000000009ffff] reserved
[    0.000000] BIOS-e820: [mem 0x00000000000f0000-0x00000000000fffff] reserved
[    0.000000] BIOS-e820: [mem 0x0000000000100000-0x000000003ffeffff] usable
[    0.000000] BIOS-e820: [mem 0x000000003fff0000-0x000000003fffffff] ACPI data
[    0.000000] BIOS-e820: [mem 0x00000000fec00000-0x00000000fec00fff] reserved
[    0.000000] BIOS-e820: [mem 0x00000000fee00000-0x00000000fee00fff] reserved
[    0.000000] BIOS-e820: [mem 0x00000000fffc0000-0x00000000ffffffff] reserved
[    0.000000] NX (Execute Disable) protection: active
[    0.000000] SMBIOS 2.5 present.
[    0.000000] Hypervisor detected: KVM
[    0.000000] e820: last_pfn = 0x3fff0 max_arch_pfn = 0x400000000
[    0.000000] MTRR: Disabled
[    0.000000] x86/PAT: MTRRs disabled, skipping PAT initialization too.
[    0.000000] CPU MTRRs all blank - virtualized system.
[    0.000000] x86/PAT: Configuration [0-7]: WB  WT  UC- UC  WB  WT  UC- UC  
[    0.000000] found SMP MP-table at [mem 0x0009fff0-0x0009ffff] mapped at [ffff88000009fff0]
[    0.000000] Scanning 1 areas for low memory corruption
[    0.000000] RAMDISK: [mem 0x362fa000-0x37174fff]
[    0.000000] ACPI: Early table checksum verification disabled
[    0.000000] ACPI: RSDP 0x00000000000E0000 000024 (v02 VBOX  )
[    0.000000] ACPI: XSDT 0x000000003FFF0030 00003C (v01 VBOX   VBOXXSDT 00000001 ASL  00000061)
[    0.000000] ACPI: FACP 0x000000003FFF00F0 0000F4 (v04 VBOX   VBOXFACP 00000001 ASL  00000061)
[    0.000000] ACPI: DSDT 0x000000003FFF0470 0022EA (v02 VBOX   VBOXBIOS 00000002 INTL 20160108)
[    0.000000] ACPI: FACS 0x000000003FFF0200 000040
[    0.000000] ACPI: FACS 0x000000003FFF0200 000040
[    0.000000] ACPI: APIC 0x000000003FFF0240 00005C (v02 VBOX   VBOXAPIC 00000001 ASL  00000061)
[    0.000000] ACPI: SSDT 0x000000003FFF02A0 0001CC (v01 VBOX   VBOXCPUT 00000002 INTL 20160108)
[    0.000000] No NUMA configuration found
[    0.000000] Faking a node at [mem 0x0000000000000000-0x000000003ffeffff]
[    0.000000] NODE_DATA(0) allocated [mem 0x3ffeb000-0x3ffeffff]
[    0.000000] kvm-clock: Using msrs 4b564d01 and 4b564d00
[    0.000000] kvm-clock: cpu 0, msr 0:3ffe3001, primary cpu clock
[    0.000000] kvm-clock: using sched offset of 3168454860 cycles
[    0.000000] clocksource: kvm-clock: mask: 0xffffffffffffffff max_cycles: 0x1cd42e4dffb, max_idle_ns: 881590591483 ns
[    0.000000] Zone ranges:
[    0.000000]   DMA      [mem 0x0000000000001000-0x0000000000ffffff]
[    0.000000]   DMA32    [mem 0x0000000001000000-0x000000003ffeffff]
[    0.000000]   Normal   empty
[    0.000000]   Device   empty
[    0.000000] Movable zone start for each node
[    0.000000] Early memory node ranges
[    0.000000]   node   0: [mem 0x0000000000001000-0x000000000009efff]
[    0.000000]   node   0: [mem 0x0000000000100000-0x000000003ffeffff]
[    0.000000] Initmem setup node 0 [mem 0x0000000000001000-0x000000003ffeffff]
[    0.000000] ACPI: PM-Timer IO Port: 0x4008
[    0.000000] IOAPIC[0]: apic_id 2, version 32, address 0xfec00000, GSI 0-23
[    0.000000] ACPI: INT_SRC_OVR (bus 0 bus_irq 0 global_irq 2 dfl dfl)
[    0.000000] ACPI: INT_SRC_OVR (bus 0 bus_irq 9 global_irq 9 low level)
[    0.000000] Using ACPI (MADT) for SMP configuration information
[    0.000000] smpboot: Allowing 2 CPUs, 0 hotplug CPUs
[    0.000000] PM: Registered nosave memory: [mem 0x00000000-0x00000fff]
[    0.000000] PM: Registered nosave memory: [mem 0x0009f000-0x0009ffff]
[    0.000000] PM: Registered nosave memory: [mem 0x000a0000-0x000effff]
[    0.000000] PM: Registered nosave memory: [mem 0x000f0000-0x000fffff]
[    0.000000] e820: [mem 0x40000000-0xfebfffff] available for PCI devices
[    0.000000] Booting paravirtualized kernel on KVM
[    0.000000] clocksource: refined-jiffies: mask: 0xffffffff max_cycles: 0xffffffff, max_idle_ns: 7645519600211568 ns
[    0.000000] setup_percpu: NR_CPUS:512 nr_cpumask_bits:512 nr_cpu_ids:2 nr_node_ids:1
[    0.000000] PERCPU: Embedded 33 pages/cpu @ffff88003fc00000 s95448 r8192 d31528 u1048576
[    0.000000] Built 1 zonelists in Node order, mobility grouping on.  Total pages: 257912
[    0.000000] Policy zone: DMA32
[    0.000000] Kernel command line: BOOT_IMAGE=/boot/vmlinuz-4.4.0-170-generic root=LABEL=cloudimg-rootfs ro console=tty1 console=ttyS0
[    0.000000] PID hash table entries: 4096 (order: 3, 32768 bytes)
[    0.000000] Memory: 997728K/1048120K available (8626K kernel code, 1336K rwdata, 4036K rodata, 1488K init, 1288K bss, 50392K reserved, 0K cma-reserved)
[    0.000000] SLUB: HWalign=64, Order=0-3, MinObjects=0, CPUs=2, Nodes=1
[    0.000000] Kernel/User page tables isolation: enabled
[    0.000000] Hierarchical RCU implementation.
[    0.000000] 	Build-time adjustment of leaf fanout to 64.
[    0.000000] 	RCU restricting CPUs from NR_CPUS=512 to nr_cpu_ids=2.
[    0.000000] RCU: Adjusting geometry for rcu_fanout_leaf=64, nr_cpu_ids=2
[    0.000000] NR_IRQS:33024 nr_irqs:440 16
[    0.000000] Console: colour VGA+ 80x25
[    0.000000] console [tty1] enabled
[    0.000000] console [ttyS0] enabled
[    0.000000] tsc: Detected 1799.999 MHz processor
[    0.108487] Calibrating delay loop (skipped) preset value.. 3599.99 BogoMIPS (lpj=7199996)
[    0.109805] pid_max: default: 32768 minimum: 301
[    0.110533] ACPI: Core revision 20150930
[    0.111947] ACPI: 2 ACPI AML tables successfully acquired and loaded
[    0.112959] Security Framework initialized
[    0.113608] Yama: becoming mindful.
[    0.114209] AppArmor: AppArmor initialized
[    0.114921] Dentry cache hash table entries: 131072 (order: 8, 1048576 bytes)
[    0.116506] Inode-cache hash table entries: 65536 (order: 7, 524288 bytes)
[    0.117523] Mount-cache hash table entries: 2048 (order: 2, 16384 bytes)
[    0.118510] Mountpoint-cache hash table entries: 2048 (order: 2, 16384 bytes)
[    0.119634] Initializing cgroup subsys io
[    0.120320] Initializing cgroup subsys memory
[    0.121008] Initializing cgroup subsys devices
[    0.121701] Initializing cgroup subsys freezer
[    0.122410] Initializing cgroup subsys net_cls
[    0.123102] Initializing cgroup subsys perf_event
[    0.123915] Initializing cgroup subsys net_prio
[    0.124619] Initializing cgroup subsys hugetlb
[    0.125310] Initializing cgroup subsys pids
[    0.127645] mce: CPU supports 0 MCE banks
[    0.128475] Last level iTLB entries: 4KB 64, 2MB 8, 4MB 8
[    0.129282] Last level dTLB entries: 4KB 64, 2MB 0, 4MB 0, 1GB 4
[    0.130183] Spectre V1 : Mitigation: usercopy/swapgs barriers and __user pointer sanitization
[    0.132060] Spectre V2 : Mitigation: Full generic retpoline
[    0.133313] Spectre V2 : Spectre v2 / SpectreRSB mitigation: Filling RSB on context switch
[    0.135176] Speculative Store Bypass: Vulnerable
[    0.136120] MDS: Mitigation: Clear CPU buffers
[    0.139172] Freeing SMP alternatives memory: 36K
[    0.145192] ftrace: allocating 32302 entries in 127 pages
[    0.200797] smpboot: APIC(0) Converting physical 0 to logical package 0
[    0.201815] smpboot: Max logical packages: 1
[    0.202712] x2apic enabled
[    0.203413] Switched APIC routing to physical x2apic.
[    0.205160] ..TIMER: vector=0x30 apic1=0 pin1=2 apic2=-1 pin2=-1
[    0.314131] smpboot: CPU0: Intel(R) Core(TM) i5-8250U CPU @ 1.60GHz (family: 0x6, model: 0x8e, stepping: 0xa)
[    0.315981] Performance Events: unsupported p6 CPU model 142 no PMU driver, software events only.
[    0.326925] KVM setup paravirtual spinlock
[    0.328274] x86: Booting SMP configuration:
[    0.328960] .... node  #0, CPUs:      #1
[    0.329667] kvm-clock: cpu 1, msr 0:3ffe3041, secondary cpu clock
[    0.331973] mce: CPU supports 0 MCE banks
[    0.334443] x86: Booted up 1 node, 2 CPUs
[    0.336498] smpboot: Total of 2 processors activated (7199.99 BogoMIPS)
[    0.338714] devtmpfs: initialized
[    0.341073] evm: security.selinux
[    0.341652] evm: security.SMACK64
[    0.342251] evm: security.SMACK64EXEC
[    0.342882] evm: security.SMACK64TRANSMUTE
[    0.343541] evm: security.SMACK64MMAP
[    0.344151] evm: security.ima
[    0.344685] evm: security.capability
[    0.345544] clocksource: jiffies: mask: 0xffffffff max_cycles: 0xffffffff, max_idle_ns: 7645041785100000 ns
[    0.347086] futex hash table entries: 512 (order: 3, 32768 bytes)
[    0.348145] pinctrl core: initialized pinctrl subsystem
[    0.349034] RTC time:  5:04:13, date: 12/13/19
[    0.349916] NET: Registered protocol family 16
[    0.362372] cpuidle: using governor ladder
[    0.374411] cpuidle: using governor menu
[    0.375067] PCCT header not found.
[    0.375711] ACPI: bus type PCI registered
[    0.376358] acpiphp: ACPI Hot Plug PCI Controller Driver version: 0.5
[    0.377360] PCI: Using configuration type 1 for base access
[    0.390886] ACPI: Added _OSI(Module Device)
[    0.391581] ACPI: Added _OSI(Processor Device)
[    0.392304] ACPI: Added _OSI(3.0 _SCP Extensions)
[    0.393023] ACPI: Added _OSI(Processor Aggregator Device)
[    0.394439] ACPI: Executed 1 blocks of module-level executable AML code
[    0.397124] ACPI: Interpreter enabled
[    0.397749] ACPI: (supports S0 S5)
[    0.398338] ACPI: Using IOAPIC for interrupt routing
[    0.399245] PCI: Using host bridge windows from ACPI; if necessary, use "pci=nocrs" and report a bug
[    0.403471] ACPI: PCI Root Bridge [PCI0] (domain 0000 [bus 00-ff])
[    0.404371] acpi PNP0A03:00: _OSC: OS supports [ASPM ClockPM Segments MSI]
[    0.405586] acpi PNP0A03:00: _OSC: not requesting OS control; OS requires [ExtendedConfig ASPM ClockPM MSI]
[    0.407087] acpi PNP0A03:00: fail to add MMCONFIG information, can't access extended PCI configuration space under this bridge.
[    0.408969] PCI host bridge to bus 0000:00
[    0.409627] pci_bus 0000:00: root bus resource [io  0x0000-0x0cf7 window]
[    0.410614] pci_bus 0000:00: root bus resource [io  0x0d00-0xffff window]
[    0.411564] pci_bus 0000:00: root bus resource [mem 0x000a0000-0x000bffff window]
[    0.412772] pci_bus 0000:00: root bus resource [mem 0x40000000-0xfdffffff window]
[    0.413959] pci_bus 0000:00: root bus resource [bus 00-ff]
[    0.416147] pci 0000:00:01.1: legacy IDE quirk: reg 0x10: [io  0x01f0-0x01f7]
[    0.417135] pci 0000:00:01.1: legacy IDE quirk: reg 0x14: [io  0x03f6]
[    0.418055] pci 0000:00:01.1: legacy IDE quirk: reg 0x18: [io  0x0170-0x0177]
[    0.419107] pci 0000:00:01.1: legacy IDE quirk: reg 0x1c: [io  0x0376]
[    0.439270] pci 0000:00:07.0: quirk: [io  0x4000-0x403f] claimed by PIIX4 ACPI
[    0.440463] pci 0000:00:07.0: quirk: [io  0x4100-0x410f] claimed by PIIX4 SMB
[    0.448071] ACPI: PCI Interrupt Link [LNKA] (IRQs 5 9 10 *11)
[    0.449419] ACPI: PCI Interrupt Link [LNKB] (IRQs 5 9 *10 11)
[    0.450732] ACPI: PCI Interrupt Link [LNKC] (IRQs 5 *9 10 11)
[    0.451929] ACPI: PCI Interrupt Link [LNKD] (IRQs 5 9 10 *11)
[    0.453162] ACPI: Enabled 2 GPEs in block 00 to 07
[    0.454260] vgaarb: setting as boot device: PCI:0000:00:02.0
[    0.455121] vgaarb: device added: PCI:0000:00:02.0,decodes=io+mem,owns=io+mem,locks=none
[    0.456400] vgaarb: loaded
[    0.456903] vgaarb: bridge control possible 0000:00:02.0
[    0.457906] SCSI subsystem initialized
[    0.458661] ACPI: bus type USB registered
[    0.459332] usbcore: registered new interface driver usbfs
[    0.460149] usbcore: registered new interface driver hub
[    0.460950] usbcore: registered new device driver usb
[    0.461902] PCI: Using ACPI for IRQ routing
[    0.462847] NetLabel: Initializing
[    0.463428] NetLabel:  domain hash size = 128
[    0.464109] NetLabel:  protocols = UNLABELED CIPSOv4
[    0.465239] NetLabel:  unlabeled traffic allowed by default
[    0.466175] amd_nb: Cannot enumerate AMD northbridges
[    0.467032] clocksource: Switched to clocksource kvm-clock
[    0.473054] AppArmor: AppArmor Filesystem Enabled
[    0.473857] pnp: PnP ACPI init
[    0.475024] pnp: PnP ACPI: found 3 devices
[    0.486400] clocksource: acpi_pm: mask: 0xffffff max_cycles: 0xffffff, max_idle_ns: 2085701024 ns
[    0.487808] NET: Registered protocol family 2
[    0.488624] TCP established hash table entries: 8192 (order: 4, 65536 bytes)
[    0.489634] TCP bind hash table entries: 8192 (order: 5, 131072 bytes)
[    0.490567] TCP: Hash tables configured (established 8192 bind 8192)
[    0.491507] UDP hash table entries: 512 (order: 2, 16384 bytes)
[    0.492366] UDP-Lite hash table entries: 512 (order: 2, 16384 bytes)
[    0.493298] NET: Registered protocol family 1
[    0.493993] pci 0000:00:00.0: Limiting direct PCI/PCI transfers
[    0.494869] pci 0000:00:01.0: Activating ISA DMA hang workarounds
[    0.495878] Unpacking initramfs...
[    0.687663] Freeing initrd memory: 14828K
[    0.688568] clocksource: tsc: mask: 0xffffffffffffffff max_cycles: 0x19f228ab7a2, max_idle_ns: 440795289252 ns
[    0.690072] platform rtc_cmos: registered platform RTC device (no PNP device found)
[    0.691360] Scanning for low memory corruption every 60 seconds
[    0.692587] audit: initializing netlink subsys (disabled)
[    0.693402] audit: type=2000 audit(1576213458.888:1): initialized
[    0.694516] Initialise system trusted keyring
[    0.695426] HugeTLB registered 2 MB page size, pre-allocated 0 pages
[    0.697341] zbud: loaded
[    0.698235] VFS: Disk quotas dquot_6.6.0
[    0.698917] VFS: Dquot-cache hash table entries: 512 (order 0, 4096 bytes)
[    0.700109] squashfs: version 4.0 (2009/01/31) Phillip Lougher
[    0.701346] fuse init (API version 7.23)
[    0.702170] Key type big_key registered
[    0.702842] Allocating IMA MOK and blacklist keyrings.
[    0.704558] Key type asymmetric registered
[    0.705223] Asymmetric key parser 'x509' registered
[    0.705997] Block layer SCSI generic (bsg) driver version 0.4 loaded (major 249)
[    0.707267] io scheduler noop registered
[    0.707913] io scheduler deadline registered (default)
[    0.708749] io scheduler cfq registered
[    0.709461] pci_hotplug: PCI Hot Plug PCI Core version: 0.5
[    0.710295] pciehp: PCI Express Hot Plug Controller Driver version: 0.4
[    0.711368] ACPI: AC Adapter [AC] (on-line)
[    0.712084] input: Power Button as /devices/LNXSYSTM:00/LNXPWRBN:00/input/input0
[    0.713266] ACPI: Power Button [PWRF]
[    0.713926] input: Sleep Button as /devices/LNXSYSTM:00/LNXSLPBN:00/input/input1
[    0.715125] ACPI: Sleep Button [SLPF]
[    0.715933] GHES: HEST is not enabled!
[    0.716487] ACPI: Battery Slot [BAT0] (battery present)
[    0.717496] Serial: 8250/16550 driver, 32 ports, IRQ sharing enabled
[    0.738868] 00:02: ttyS0 at I/O 0x3f8 (irq = 4, base_baud = 115200) is a 16550A
[    0.742361] Linux agpgart interface v0.103
[    0.744632] loop: module loaded
[    0.745696] scsi host0: ata_piix
[    0.746412] scsi host1: ata_piix
[    0.747017] ata1: PATA max UDMA/33 cmd 0x1f0 ctl 0x3f6 bmdma 0xd000 irq 14
[    0.748100] ata2: PATA max UDMA/33 cmd 0x170 ctl 0x376 bmdma 0xd008 irq 15
[    0.749142] libphy: Fixed MDIO Bus: probed
[    0.749828] tun: Universal TUN/TAP device driver, 1.6
[    0.750616] tun: (C) 1999-2004 Max Krasnyansky <maxk@qualcomm.com>
[    0.751605] PPP generic driver version 2.4.2
[    0.752360] ehci_hcd: USB 2.0 'Enhanced' Host Controller (EHCI) Driver
[    0.753287] ehci-pci: EHCI PCI platform driver
[    0.753993] ehci-platform: EHCI generic platform driver
[    0.754812] ohci_hcd: USB 1.1 'Open' Host Controller (OHCI) Driver
[    0.755740] ohci-pci: OHCI PCI platform driver
[    0.756445] ohci-platform: OHCI generic platform driver
[    0.757230] uhci_hcd: USB Universal Host Controller Interface driver
[    0.758198] i8042: PNP: PS/2 Controller [PNP0303:PS2K,PNP0f03:PS2M] at 0x60,0x64 irq 1,12
[    0.759889] serio: i8042 KBD port at 0x60,0x64 irq 1
[    0.760647] serio: i8042 AUX port at 0x60,0x64 irq 12
[    0.761563] mousedev: PS/2 mouse device common for all mice
[    0.762678] input: AT Translated Set 2 keyboard as /devices/platform/i8042/serio0/input/input2
[    0.764386] rtc_cmos rtc_cmos: rtc core: registered rtc_cmos as rtc0
[    0.765332] rtc_cmos rtc_cmos: alarms up to one day, 114 bytes nvram
[    0.766242] i2c /dev entries driver
[    0.766892] device-mapper: uevent: version 1.0.3
[    0.767716] device-mapper: ioctl: 4.34.0-ioctl (2015-10-28) initialised: dm-devel@redhat.com
[    0.769058] ledtrig-cpu: registered to indicate activity on CPUs
[    0.770286] NET: Registered protocol family 10
[    0.771189] NET: Registered protocol family 17
[    0.771904] Key type dns_resolver registered
[    0.772908] registered taskstats version 1
[    0.773577] Loading compiled-in X.509 certificates
[    0.774923] Loaded X.509 cert 'Build time autogenerated kernel key: f0e56e97f406068ace47a9bf54316e9855aaaa43'
[    0.776489] zswap: loaded using pool lzo/zbud
[    0.778585] Key type trusted registered
[    0.781816] Key type encrypted registered
[    0.782512] AppArmor: AppArmor sha1 policy hashing enabled
[    0.783339] ima: No TPM chip found, activating TPM-bypass!
[    0.784230] ima: Allocated hash algorithm: sha1
[    0.784945] evm: HMAC attrs: 0x1
[    0.785786]   Magic number: 15:55:62
[    0.786487] rtc_cmos rtc_cmos: setting system clock to 2019-12-13 05:04:13 UTC (1576213453)
[    0.787920] BIOS EDD facility v0.16 2004-Jun-25, 0 devices found
[    0.788824] EDD information not available.
[    0.906960] Freeing unused kernel memory: 1488K
[    0.909982] Write protecting the kernel read-only data: 14336k
[    0.914842] Freeing unused kernel memory: 1604K
[    0.918215] Freeing unused kernel memory: 60K
Loading, please wait...
starting version 229
[    0.965530] random: systemd-udevd: uninitialized urandom read (16 bytes read, 3 bits of entropy available)
[    0.967553] random: udevadm: uninitialized urandom read (16 bytes read, 3 bits of entropy available)
[    0.967597] random: udevadm: uninitialized urandom read (16 bytes read, 3 bits of entropy available)
[    0.978224] random: systemd-udevd: uninitialized urandom read (16 bytes read, 3 bits of entropy available)
[    0.980812] random: udevadm: uninitialized urandom read (16 bytes read, 3 bits of entropy available)
[    0.980871] random: udevadm: uninitialized urandom read (16 bytes read, 3 bits of entropy available)
[    0.981047] random: udevadm: uninitialized urandom read (16 bytes read, 3 bits of entropy available)
[    0.981112] random: udevadm: uninitialized urandom read (16 bytes read, 3 bits of entropy available)
[    0.981176] random: udevadm: uninitialized urandom read (16 bytes read, 3 bits of entropy available)
[    0.981239] random: udevadm: uninitialized urandom read (16 bytes read, 3 bits of entropy available)
[    1.017558] e1000: Intel(R) PRO/1000 Network Driver - version 7.3.21-k8-NAPI
[    1.018815] e1000: Copyright (c) 1999-2006 Intel Corporation.
[    1.024284] Fusion MPT base driver 3.04.20
[    1.024970] Copyright (c) 1999-2008 LSI Corporation
[    1.030489] Fusion MPT SPI Host driver 3.04.20
[    1.038355] AVX2 version of gcm_enc/dec engaged.
[    1.039190] AES CTR mode by8 optimization enabled
[    1.228330] input: ImExPS/2 Generic Explorer Mouse as /devices/platform/i8042/serio1/input/input4
[    1.362925] e1000 0000:00:03.0 eth0: (PCI:33MHz:32-bit) 02:dd:45:a7:5d:a0
[    1.364278] e1000 0000:00:03.0 eth0: Intel(R) PRO/1000 Network Connection
[    1.366186] mptbase: ioc0: Initiating bringup
[    1.427773] ioc0: LSI53C1030 A0: Capabilities={Initiator}
[    1.598743] scsi host2: ioc0: LSI53C1030 A0, FwRev=00000000h, Ports=1, MaxQ=256, IRQ=20
[    1.719900] scsi 2:0:0:0: Direct-Access     VBOX     HARDDISK         1.0  PQ: 0 ANSI: 5
[    1.725347] scsi target2:0:0: Beginning Domain Validation
[    1.735765] scsi target2:0:0: Domain Validation skipping write tests
[    1.739524] scsi target2:0:0: Ending Domain Validation
[    1.742979] scsi target2:0:0: asynchronous
[    1.763316] scsi 2:0:1:0: Direct-Access     VBOX     HARDDISK         1.0  PQ: 0 ANSI: 5
[    1.765443] scsi target2:0:1: Beginning Domain Validation
[    1.803915] scsi target2:0:1: Domain Validation skipping write tests
[    1.804898] scsi target2:0:1: Ending Domain Validation
[    1.805750] scsi target2:0:1: asynchronous
[    1.819853] sd 2:0:0:0: Attached scsi generic sg0 type 0
[    1.829609] sd 2:0:0:0: [sda] 20971520 512-byte logical blocks: (10.7 GB/10.0 GiB)
[    1.831040] sd 2:0:0:0: [sda] Write Protect is off
[    1.831900] sd 2:0:0:0: [sda] Incomplete mode parameter data
[    1.832780] sd 2:0:0:0: [sda] Assuming drive cache: write through
[    1.834585] sd 2:0:1:0: Attached scsi generic sg1 type 0
[    1.835625]  sda: sda1
[    1.836403] sd 2:0:1:0: [sdb] 20480 512-byte logical blocks: (10.5 MB/10.0 MiB)
[    1.837799] sd 2:0:1:0: [sdb] Write Protect is off
[    1.838662] sd 2:0:0:0: [sda] Attached SCSI disk
[    1.839484] sd 2:0:1:0: [sdb] Incomplete mode parameter data
[    1.840397] sd 2:0:1:0: [sdb] Assuming drive cache: write through
[    1.843911] sd 2:0:1:0: [sdb] Attached SCSI disk
[    2.066956] e1000 0000:00:08.0 eth1: (PCI:33MHz:32-bit) 08:00:27:22:47:1c
[    2.068152] e1000 0000:00:08.0 eth1: Intel(R) PRO/1000 Network Connection
[    2.070106] e1000 0000:00:03.0 enp0s3: renamed from eth0
[    2.079176] e1000 0000:00:08.0 enp0s8: renamed from eth1
Begin: Loading essential drivers ... [    3.389071] md: linear personality registered for level -1
[    3.392759] md: multipath personality registered for level -4
[    3.396220] md: raid0 personality registered for level 0
[    3.400930] md: raid1 personality registered for level 1
[    3.479348] raid6: sse2x1   gen() 12827 MB/s
[    3.549457] raid6: sse2x1   xor()  9074 MB/s
[    3.619434] raid6: sse2x2   gen() 15317 MB/s
[    3.689477] raid6: sse2x2   xor() 10439 MB/s
[    3.759429] raid6: sse2x4   gen() 17465 MB/s
[    3.827972] raid6: sse2x4   xor() 10537 MB/s
[    3.899501] raid6: avx2x1   gen() 22244 MB/s
[    3.969551] raid6: avx2x2   gen() 25850 MB/s
[    4.039540] raid6: avx2x4   gen() 31363 MB/s
[    4.040329] raid6: using algorithm avx2x4 gen() 31363 MB/s
[    4.041133] raid6: using avx2x2 recovery algorithm
[    4.043015] xor: automatically using best checksumming function:
[    4.083048]    avx       : 25477.000 MB/sec
[    4.084726] async_tx: api initialized (async)
[    4.092485] md: raid6 personality registered for level 6
[    4.093509] md: raid5 personality registered for level 5
[    4.094482] md: raid4 personality registered for level 4
[    4.100833] md: raid10 personality registered for level 10
done.
Begin: Running /scripts/init-premount ... done.
Begin: Mounting root file system ... Begin: Running /scripts/local-top ... done.
Begin: Running /scripts/local-premount ... [    4.125510] Btrfs loaded
Scanning for Btrfs filesystems
done.
Warning: fsck not present, so skipping root file system
[    4.156109] EXT4-fs (sda1): INFO: recovery required on readonly filesystem
[    4.157159] EXT4-fs (sda1): write access will be enabled during recovery
[    4.184517] EXT4-fs (sda1): recovery complete
[    4.185722] EXT4-fs (sda1): mounted filesystem with ordered data mode. Opts: (null)
done.
Begin: Running /scripts/local-bottom ... done.
Begin: Running /scripts/init-bottom ... done.
[    4.335803] systemd[1]: systemd 229 running in system mode. (+PAM +AUDIT +SELINUX +IMA +APPARMOR +SMACK +SYSVINIT +UTMP +LIBCRYPTSETUP +GCRYPT +GNUTLS +ACL +XZ -LZ4 +SECCOMP +BLKID +ELFUTILS +KMOD -IDN)
[    4.343277] systemd[1]: Detected virtualization oracle.
[    4.344894] systemd[1]: Detected architecture x86-64.

Welcome to [1mUbuntu 16.04.6 LTS[0m!

[    4.355852] systemd[1]: Set hostname to <server>.
[    4.491062] systemd[1]: Listening on udev Kernel Socket.
[[0;32m  OK  [0m] Listening on udev Kernel Socket.
[    4.493497] systemd[1]: Reached target Swap.
[[0;32m  OK  [0m] Reached target Swap.
[    4.495329] systemd[1]: Reached target Encrypted Volumes.
[[0;32m  OK  [0m] Reached target Encrypted Volumes.
[    4.497445] systemd[1]: Reached target User and Group Name Lookups.
[[0;32m  OK  [0m] Reached target User and Group Name Lookups.
[    4.688382] systemd[1]: Listening on Journal Socket.
[[0;32m  OK  [0m] Listening on Journal Socket.
[    4.696544] systemd[1]: Listening on Journal Socket (/dev/log).
[[0;32m  OK  [0m] Listening on Journal Socket (/dev/log).
[    4.705256] systemd[1]: Started Forward Password Requests to Wall Directory Watch.
[[0;32m  OK  [0m] Started Forward Password Requests to Wall Directory Watch.
[    4.717140] systemd[1]: Created slice User and Session Slice.
[[0;32m  OK  [0m] Created slice User and Session Slice.
[    4.722020] systemd[1]: Reached target System Time Synchronized.
[[0;32m  OK  [0m] Reached target System Time Synchronized.
[    4.723749] systemd[1]: Listening on /dev/initctl Compatibility Named Pipe.
[[0;32m  OK  [0m] Listening on /dev/initctl Compatibility Named Pipe.
[    4.725720] systemd[1]: Listening on LVM2 poll daemon socket.
[[0;32m  OK  [0m] Listening on LVM2 poll daemon socket.
[    4.727437] systemd[1]: Set up automount Arbitrary Executable File Formats File System Automount Point.
[[0;32m  OK  [0m] Set up automount Arbitrary Executab...ats File System Automount Point.
[    4.730013] systemd[1]: Created slice System Slice.
[[0;32m  OK  [0m] Created slice System Slice.
[    4.743414] systemd[1]: Starting Load Kernel Modules...
         Starting Load Kernel Modules...
[    4.745780] systemd[1]: Mounting Huge Pages File System...
         Mounting Huge Pages File System...
[    4.748144] systemd[1]: Starting Set console keymap...
         Starting Set console keymap...
[    4.750976] systemd[1]: Starting Remount Root and Kernel File Systems...
         Starting Remount Root and Kernel File Systems...
[    4.753507] systemd[1]: Starting Nameserver information manager...
[    4.754544] Loading iSCSI transport class v2.0-870.
         Starting Nameserver information manager...
[    4.756150] systemd[1]: Listening on LVM2 metadata daemon socket.
[[0;32m  OK  [0m] Listening on LVM2 metadata daemon socket.
[    4.758477] systemd[1]: Starting Uncomplicated firewall...
         Starting Uncomplicated firewall...
[    4.760837] EXT4-fs (sda1): re-mounted. Opts: (null)
[    4.761645] systemd[1]: Mounting POSIX Message Queue File System...
         Mounting POSIX Message Queue File System...
[    4.764953] systemd[1]: Started Trigger resolvconf update for networkd DNS.
[[0;32m  OK  [0m] Started Trigger resolvconf update for networkd DNS.
[    4.768184] systemd[1]: Starting Create list of required static device nodes for the current kernel...
         Starting Create list of required st... nodes for the current kernel...
[    4.771835] systemd[1]: Listening on Syslog Socket.
[[0;32m  OK  [0m] Listening on Syslog Socket.
[    4.773909] systemd[1]: Created slice system-serial\x2dgetty.slice.
[[0;32m  OK  [0m] Created slice sy[    4.775657] iscsi: registered transport (tcp)
stem-serial\x2dgetty.slice.
[    4.776583] systemd[1]: Reached target Slices.
[[0;32m  OK  [0m] Reached target Slices.
[    4.778270] systemd[1]: Listening on Device-mapper event daemon FIFOs.
[[0;32m  OK  [0m] Listening on Device-mapper event daemon FIFOs.
[    4.798194] iscsi: registered transport (iser)
[    4.799273] systemd[1]: Starting Monitoring of LVM2 mirrors, snapshots etc. using dmeventd or progress polling...
         Starting Monitoring of LVM2 mirrors... dmeventd or progress polling...
[    4.802930] systemd[1]: Mounting Debug File System...
         Mounting Debug File System...
[    4.804746] systemd[1]: Listening on udev Control Socket.
[[0;32m  OK  [0m] Listening on udev Control Socket.
[    4.806766] systemd[1]: Listening on Journal Audit Socket.
[[0;32m  OK  [0m] Listening on Journal Audit Socket.
[    4.809280] systemd[1]: Starting Journal Service...
         Starting Journal Service...
[    4.812106] systemd[1]: Mounted POSIX Message Queue File System.
[[0;32m  OK  [0m] Mounted POSIX Message Queue File System.
[    4.814689] systemd[1]: Mounted Debug File System.
[[0;32m  OK  [0m] Mounted Debug File System.
[    4.816521] systemd[1]: Mounted Huge Pages File System.
[[0;32m  OK  [0m] Mounted Huge Pages File System.
[    4.818788] systemd[1]: Started Load Kernel Modules.
[[0;32m  OK  [0m] Started Load Kernel Modules.
[    4.821173] systemd[1]: Started Set console keymap.
[[0;32m  OK  [0m] Started Set console keymap.
[    4.823324] systemd[1]: Started Remount Root and Kernel File Systems.
[[0;32m  OK  [0m] Started Remount Root and Kernel File Systems.
[    4.826721] systemd[1]: Started Uncomplicated firewall.
[[0;32m  OK  [0m] Started Uncomplicated firewall.
[    4.829115] systemd[1]: Started Create list of required static device nodes for the current kernel.
[[0;32m  OK  [0m] Started Create list of required sta...ce nodes for the current kernel.
[    4.834356] systemd[1]: Started LVM2 metadata daemon.
[[0;32m  OK  [0m] Started LVM2 metadata daemon.
[    4.847945] systemd[1]: Starting Create Static Device Nodes in /dev...
         Starting Create Static Device Nodes in /dev...
[    4.856596] systemd[1]: Starting Load/Save Random Seed...
         Starting Load/Save Random Seed...
[    4.864884] systemd[1]: Starting udev Coldplug all Devices...
         Starting udev Coldplug all Devices...
[    4.868178] systemd[1]: Mounting FUSE Control File System...
         Mounting FUSE Control File System...
[    4.870855] systemd[1]: Starting Apply Kernel Variables...
         Starting Apply Kernel Variables...
[    4.874401] systemd[1]: Mounted FUSE Control File System.
[[0;32m  OK  [0m] Mounted FUSE Control File System.
[    4.876352] systemd[1]: Started Journal Service.
[[0;32m  OK  [0m] Started Journal Service.
[[0;32m  OK  [0m] Started Nameserver information manager.
[[0;32m  OK  [0m] Started Load/Save Random Seed.
         Starting Flush Journal to Persistent Storage...
[[0;32m  OK  [0m] Started Apply Kernel Variables.
[[0;32m  OK  [0m] Started Create Static Device Nodes in /dev.
         Starting udev Kernel Device Manager...
[[0;32m  OK  [0m] Started Flush Journal to Persistent Storage.
[[0;32m  OK  [0m] Started udev Coldplug all Devices.
[[0;32m  OK  [0m] Started udev Kernel Device Manager.
[[0;32m  OK  [0m] Started Dispatch Password Requests to Console Directory Watch.
[[0;32m  OK  [0m] Started Monitoring of LVM2 mirrors,...ng dmeventd or progress polling.
[[0;32m  OK  [0m] Reached target Local File Systems (Pre).
[[0;32m  OK  [0m] Reached target Local File Systems.
         Starting Initial cloud-init job (pre-networking)...
         Starting Tell Plymouth To Write Out Runtime Data...
         Starting LSB: AppArmor initialization...
         Starting Create Volatile Files and Directories...
         Starting Set console font and keymap...
[[0;32m  OK  [0m] Found device /dev/ttyS0.
[[0;32m  OK  [0m] Started Tell Plymouth To Write Out Runtime Data.
[[0;32m  OK  [0m] Started Create Volatile Files and Directories.
         Starting Update UTMP about System Boot/Shutdown...
[[0;32m  OK  [0m] Started Update UTMP about System Boot/Shutdown.
[[0;32m  OK  [0m] Listening on Load/Save RF Kill Switch Status /dev/rfkill Watch.
[[0;32m  OK  [0m] Started LSB: AppArmor initialization.
[[0;32m  OK  [0m] Found device 82540EM Gigabit Ethern...r (PRO/1000 MT Desktop Adapter).
[[0;32m  OK  [0m] Found device 82540EM Gigabit Ethern...r (PRO/1000 MT Desktop Adapter).
[[0;32m  OK  [0m] Started Set console font and keymap.
[[0;32m  OK  [0m] Created slice system-getty.slice.
[    5.705264] cloud-init[487]: Cloud-init v. 19.2-36-g059d049c-0ubuntu2~16.04.1 running 'init-local' at Fri, 13 Dec 2019 05:04:18 +0000. Up 5.46 seconds.
[[0;32m  OK  [0m] Started Initial cloud-init job (pre-networking).
[[0;32m  OK  [0m] Reached target Network (Pre).
[[0;32m  OK  [0m] Started ifup for enp0s8.
[[0;32m  OK  [0m] Started ifup for enp0s3.
         Starting Raise network interfaces...
[[0;32m  OK  [0m] Started Raise network interfaces.
         Starting Initial cloud-init job (metadata service crawler)...
[[0;32m  OK  [0m] Reached target Network.
[    6.314864] cloud-init[1074]: Cloud-init v. 19.2-36-g059d049c-0ubuntu2~16.04.1 running 'init' at Fri, 13 Dec 2019 05:04:18 +0000. Up 6.10 seconds.
[    6.316274] cloud-init[1074]: ci-info: ++++++++++++++++++++++++++++++++++++++Net device info+++++++++++++++++++++++++++++++++++++++
[    6.317622] cloud-init[1074]: ci-info: +--------+------+-----------------------------+---------------+--------+-------------------+
[    6.318966] cloud-init[1074]: ci-info: | Device |  Up  |           Address           |      Mask     | Scope  |     Hw-Address    |
[    6.320404] cloud-init[1074]: ci-info: +--------+------+-----------------------------+---------------+--------+-------------------+
[    6.321864] cloud-init[1074]: ci-info: | enp0s3 | True |          10.0.2.15          | 255.255.255.0 | global | 02:dd:45:a7:5d:a0 |
[    6.323331] cloud-init[1074]: ci-info: | enp0s3 | True |  fe80::dd:45ff:fea7:5da0/64 |       .       |  link  | 02:dd:45:a7:5d:a0 |
[    6.324779] cloud-init[1074]: ci-info: | enp0s8 | True |           10.0.0.1          | 255.255.255.0 | global | 08:00:27:22:47:1c |
[    6.326091] cloud-init[1074]: ci-info: | enp0s8 | True | fe80::a00:27ff:fe22:471c/64 |       .       |  link  | 08:00:27:22:47:1c |
[    6.327496] cloud-init[1074]: ci-info: |   lo   | True |          127.0.0.1          |   255.0.0.0   |  host  |         .         |
[    6.328965] cloud-init[1074]: ci-info: |   lo   | True |           ::1/128           |       .       |  host  |         .         |
[    6.330381] cloud-init[1074]: ci-info: +--------+------+-----------------------------+---------------+--------+-------------------+
[    6.331809] cloud-init[1074]: ci-info: +++++++++++++++++++++++++++Route IPv4 info++++++++++++++++++++++++++++
[    6.333109] cloud-init[1074]: ci-info: +-------+-------------+----------+---------------+-----------+-------+
[    6.334435] cloud-init[1074]: ci-info: | Route | Destination | Gateway  |    Genmask    | Interface | Flags |
[    6.335723] cloud-init[1074]: ci-info: +-------+-------------+----------+---------------+-----------+-------+
[    6.337073] cloud-init[1074]: ci-info: |   0   |   0.0.0.0   | 10.0.2.2 |    0.0.0.0    |   enp0s3  |   UG  |
[    6.338326] cloud-init[1074]: ci-info: |   1   |   10.0.0.0  | 0.0.0.0  | 255.255.255.0 |   enp0s8  |   U   |
[    6.339562] cloud-init[1074]: ci-info: |   2   |   10.0.2.0  | 0.0.0.0  | 255.255.255.0 |   enp0s3  |   U   |
[    6.340812] cloud-init[1074]: ci-info: +-------+-------------+----------+---------------+-----------+-------+
[    6.342097] cloud-init[1074]: ci-info: +++++++++++++++++++Route IPv6 info+++++++++++++++++++
[    6.343254] cloud-init[1074]: ci-info: +-------+-------------+---------+-----------+-------+
[    6.344412] cloud-init[1074]: ci-info: | Route | Destination | Gateway | Interface | Flags |
[    6.345637] cloud-init[1074]: ci-info: +-------+-------------+---------+-----------+-------+
[    6.346813] cloud-init[1074]: ci-info: |   0   |  fe80::/64  |    ::   |   enp0s8  |   U   |
[    6.347999] cloud-init[1074]: ci-info: |   1   |  fe80::/64  |    ::   |   enp0s3  |   U   |
[    6.349207] cloud-init[1074]: ci-info: |   4   |   ff00::/8  |    ::   |   enp0s8  |   U   |
[[0;32m  OK  [0m] Started Initial cloud-init job (metadata service crawler).
[[0;32m  OK  [0m] Reached target Network is Online.
[    6.352188] cloud-init[1074]: ci-info: |   5   |   ff00::/8  |    ::   |   enp0s3  |   U   |
[    6.353123] cloud-init[1074]: ci-info: +-------+-------------+---------+-----------+-------+
         Starting iSCSI initiator daemon (iscsid)...
[[0;32m  OK  [0m] Reached target Cloud-config availability.
[[0;32m  OK  [0m] Reached target System Initialization.
[[0;32m  OK  [0m] Started Daily Cleanup of Temporary Directories.
[[0;32m  OK  [0m] Started Message of the Day.
         Starting LXD - unix socket.
         Starting Socket activation for snappy daemon.
[[0;32m  OK  [0m] Listening on D-Bus System Message Bus Socket.
[[0;32m  OK  [0m] Listening on UUID daemon activation socket.
[[0;32m  OK  [0m] Started ACPI Events Check.
[[0;32m  OK  [0m] Reached target Paths.
[[0;32m  OK  [0m] Listening on ACPID Listen Socket.
[[0;32m  OK  [0m] Started Daily apt download activities.
[[0;32m  OK  [0m] Started Daily apt upgrade and clean activities.
[[0;32m  OK  [0m] Reached target Timers.
[[0;32m  OK  [0m] Listening on LXD - unix socket.
[[0;32m  OK  [0m] Listening on Socket activation for snappy daemon.
[[0;32m  OK  [0m] Reached target Sockets.
[[0;32m  OK  [0m] Reached target Basic System.
[[0;32m  OK  [0m] Started ACPI event daemon.
[[0;32m  OK  [0m] Started D-Bus System Message Bus.
         Starting System Logging Service...
         Starting /etc/rc.local Compatibility...
         Starting Accounts Service...
         Starting LSB: Record successful boot for GRUB...
         Starting Snappy daemon...
         Starting Virtualbox guest utils...
[[0;32m  OK  [0m] Started Deferred execution scheduler.
         Starting LSB: MD monitoring daemon...
         Starting OpenBSD Secure Shell server...
         Starting Login Service...
[[0;32m  OK  [0m] Started Regular background program processing daemon.
[[0;32m  OK  [0m] Started FUSE filesystem for LXC.
         Starting LXD - container startup/shutdown...
[[0;32m  OK  [0m] Started iSCSI initiator daemon (iscsid).
[[0;32m  OK  [0m] Started /etc/rc.local Compatibility.
[[0;32m  OK  [0m] Started System Logging Service.
         Starting Login to default iSCSI targets...
[[0;32m  OK  [0m] Started Login Service.
[[0;32m  OK  [0m] Started Unattended Upgrades Shutdown.
[[0;32m  OK  [0m] Started Login to default iSCSI targets.
[[0;32m  OK  [0m] Reached target Remote File Systems (Pre).
[[0;32m  OK  [0m] Reached target Remote File Systems.
         Starting LSB: Set the CPU Frequency Scaling governor to "ondemand"...
         Starting LSB: automatic crash report generation...
         Starting Permit User Sessions...
         Starting LSB: daemon to balance interrupts for SMP systems...
[[0;32m  OK  [0m] Started LSB: Record successful boot for GRUB.
[[0;32m  OK  [0m] Started Permit User Sessions.
         Starting Hold until boot process finishes up...
         Starting Terminate Plymouth Boot Screen...
[[0;32m  OK  [0m] Started Hold until boot process finishes up.
[[0;32m  OK  [0m] Started Serial Getty on ttyS0.
[[0;32m  OK  [0m] Started Getty on tty1.
[[0;32m  OK  [0m] Reached target Login Prompts.
         Starting Set console scheme...
[[0;32m  OK  [0m] Started OpenBSD Secure Shell server.
[[0;32m  OK  [0m] Started Terminate Plymouth Boot Screen.
[[0;32m  OK  [0m] Started Set console scheme.
[[0;32m  OK  [0m] Started LSB: Set the CPU Frequency Scaling governor to "ondemand".
[[0;32m  OK  [0m] Started LSB: MD monitoring daemon.
         Starting Authenticate and Authorize Users to Run Privileged Tasks...
[[0;32m  OK  [0m] Started LSB: daemon to balance interrupts for SMP systems.
[[0;32m  OK  [0m] Started LSB: automatic crash report generation.
[[0;32m  OK  [0m] Started Authenticate and Authorize Users to Run Privileged Tasks.
[[0;32m  OK  [0m] Started Accounts Service.
[[0;32m  OK  [0m] Started LXD - container startup/shutdown.
[[0;32m  OK  [0m] Started Virtualbox guest utils.
[[0;32m  OK  [0m] Started Snappy daemon.
         Starting Wait until snapd is fully seeded...
[[0;32m  OK  [0m] Started Wait until snapd is fully seeded.
         Starting Apply the settings specified in cloud-config...
[[0;32m  OK  [0m] Reached target Multi-User System.
[[0;32m  OK  [0m] Reached target Graphical Interface.
         Starting Update UTMP about System Runlevel Changes...
[[0;32m  OK  [0m] Started Update UTMP about System Runlevel Changes.
[    7.040919] cloud-init[1328]: Cloud-init v. 19.2-36-g059d049c-0ubuntu2~16.04.1 running 'modules:config' at Fri, 13 Dec 2019 05:04:19 +0000. Up 6.97 seconds.
[[0;32m  OK  [0m] Started Apply the settings specified in cloud-config.
         Starting Execute cloud user/final scripts...
[    7.375629] cloud-init[1339]: Cloud-init v. 19.2-36-g059d049c-0ubuntu2~16.04.1 running 'modules:final' at Fri, 13 Dec 2019 05:04:20 +0000. Up 7.30 seconds.
[    7.377011] cloud-init[1339]: Cloud-init v. 19.2-36-g059d049c-0ubuntu2~16.04.1 finished at Fri, 13 Dec 2019 05:04:20 +0000. Datasource DataSourceNoCloud [seed=/dev/sdb][dsmode=net].  Up 7.37 seconds
[[0;32m  OK  [0m] Started Execute cloud user/final scripts.
[[0;32m  OK  [0m] Reached target Cloud-init target.

Ubuntu 16.04.6 LTS server ttyS0

server login: 